<?xml version="1.0" encoding="UTF-8"?>
<testng-results ignored="2" total="3" passed="1" failed="0" skipped="0">
  <reporter-output>
  </reporter-output>
  <suite started-at="2022-09-15T19:11:56 IST" name="Suite" finished-at="2022-09-15T19:12:15 IST" duration-ms="19307">
    <groups>
    </groups>
    <test started-at="2022-09-15T19:11:56 IST" name="Test" finished-at="2022-09-15T19:12:15 IST" duration-ms="19307">
      <class name="webselenium1.Demo1">
        <test-method is-config="true" signature="beforetest()[pri:0, instance:webselenium1.Demo1@4efac082]" started-at="2022-09-15T19:11:56 IST" name="beforetest" finished-at="2022-09-15T19:12:05 IST" duration-ms="9395" status="PASS">
          <reporter-output>
          </reporter-output>
        </test-method> <!-- beforetest -->
        <test-method signature="windowhandle()[pri:0, instance:webselenium1.Demo1@4efac082]" started-at="2022-09-15T19:12:05 IST" name="windowhandle" finished-at="2022-09-15T19:12:15 IST" duration-ms="9783" status="PASS">
          <reporter-output>
          </reporter-output>
        </test-method> <!-- windowhandle -->
        <test-method is-config="true" signature="aftertest()[pri:0, instance:webselenium1.Demo1@4efac082]" started-at="2022-09-15T19:12:15 IST" name="aftertest" finished-at="2022-09-15T19:12:15 IST" duration-ms="79" status="PASS">
          <reporter-output>
          </reporter-output>
        </test-method> <!-- aftertest -->
      </class> <!-- webselenium1.Demo1 -->
    </test> <!-- Test -->
  </suite> <!-- Suite -->
</testng-results>
