<?xml version="1.0" encoding="UTF-8"?>
<!-- Generated by org.testng.reporters.JUnitXMLReporter -->
<testsuite ignored="2" hostname="DESKTOP-FO2KUNJ" failures="0" tests="1" name="Default test" time="52.483" errors="0" timestamp="2022-09-15T18:55:25 IST">
  <testcase classname="webselenium1.Demo1" name="windowhandle" time="41.608"/>
  <testcase classname="webselenium1.Demo1" name="alerts" time="0.0">
    <ignored/>
  </testcase> <!-- alerts -->
  <testcase classname="webselenium1.Demo1" name="testcase" time="0.0">
    <ignored/>
  </testcase> <!-- testcase -->
</testsuite> <!-- Default test -->
