<?xml version="1.0" encoding="UTF-8"?>
<!-- Generated by org.testng.reporters.JUnitXMLReporter -->
<testsuite ignored="2" hostname="DESKTOP-FO2KUNJ" failures="0" tests="1" name="Test" time="19.307" errors="0" timestamp="2022-09-15T19:12:15 IST">
  <testcase classname="webselenium1.Demo1" name="windowhandle" time="9.783"/>
  <testcase classname="webselenium1.Demo1" name="alerts" time="0.0">
    <ignored/>
  </testcase> <!-- alerts -->
  <testcase classname="webselenium1.Demo1" name="testcase" time="0.0">
    <ignored/>
  </testcase> <!-- testcase -->
</testsuite> <!-- Test -->
